Determining if the pthread_create exist failed with the following output:
Change Dir: /home/administrator/catkin_ws/build/CMakeFiles/CMakeTmp

Run Build Command:"/usr/bin/make" "cmTC_0a8de/fast"
/usr/bin/make -f CMakeFiles/cmTC_0a8de.dir/build.make CMakeFiles/cmTC_0a8de.dir/build
make[1]: Entering directory `/home/administrator/catkin_ws/build/CMakeFiles/CMakeTmp'
Building C object CMakeFiles/cmTC_0a8de.dir/CheckSymbolExists.c.o
/usr/bin/cc    -o CMakeFiles/cmTC_0a8de.dir/CheckSymbolExists.c.o   -c /home/administrator/catkin_ws/build/CMakeFiles/CMakeTmp/CheckSymbolExists.c
Linking C executable cmTC_0a8de
/usr/local/bin/cmake -E cmake_link_script CMakeFiles/cmTC_0a8de.dir/link.txt --verbose=1
/usr/bin/cc      -rdynamic CMakeFiles/cmTC_0a8de.dir/CheckSymbolExists.c.o  -o cmTC_0a8de 
CMakeFiles/cmTC_0a8de.dir/CheckSymbolExists.c.o: In function `main':
CheckSymbolExists.c:(.text+0x16): undefined reference to `pthread_create'
collect2: error: ld returned 1 exit status
make[1]: *** [cmTC_0a8de] Error 1
make[1]: Leaving directory `/home/administrator/catkin_ws/build/CMakeFiles/CMakeTmp'
make: *** [cmTC_0a8de/fast] Error 2

File /home/administrator/catkin_ws/build/CMakeFiles/CMakeTmp/CheckSymbolExists.c:
/* */
#include <pthread.h>

int main(int argc, char** argv)
{
  (void)argv;
#ifndef pthread_create
  return ((int*)(&pthread_create))[argc];
#else
  (void)argc;
  return 0;
#endif
}

Determining if the function pthread_create exists in the pthreads failed with the following output:
Change Dir: /home/administrator/catkin_ws/build/CMakeFiles/CMakeTmp

Run Build Command:"/usr/bin/make" "cmTC_b59af/fast"
/usr/bin/make -f CMakeFiles/cmTC_b59af.dir/build.make CMakeFiles/cmTC_b59af.dir/build
make[1]: Entering directory `/home/administrator/catkin_ws/build/CMakeFiles/CMakeTmp'
Building C object CMakeFiles/cmTC_b59af.dir/CheckFunctionExists.c.o
/usr/bin/cc   -DCHECK_FUNCTION_EXISTS=pthread_create   -o CMakeFiles/cmTC_b59af.dir/CheckFunctionExists.c.o   -c /usr/local/share/cmake-3.12/Modules/CheckFunctionExists.c
Linking C executable cmTC_b59af
/usr/local/bin/cmake -E cmake_link_script CMakeFiles/cmTC_b59af.dir/link.txt --verbose=1
/usr/bin/cc  -DCHECK_FUNCTION_EXISTS=pthread_create    -rdynamic CMakeFiles/cmTC_b59af.dir/CheckFunctionExists.c.o  -o cmTC_b59af -lpthreads 
/usr/bin/ld: cannot find -lpthreads
collect2: error: ld returned 1 exit status
make[1]: *** [cmTC_b59af] Error 1
make[1]: Leaving directory `/home/administrator/catkin_ws/build/CMakeFiles/CMakeTmp'
make: *** [cmTC_b59af/fast] Error 2


Determining if the Q_WS_WIN exist failed with the following output:
Change Dir: /home/administrator/catkin_ws/build/CMakeFiles/CMakeTmp

Run Build Command:"/usr/bin/make" "cmTC_8ca44/fast"
/usr/bin/make -f CMakeFiles/cmTC_8ca44.dir/build.make CMakeFiles/cmTC_8ca44.dir/build
make[1]: Entering directory `/home/administrator/catkin_ws/build/CMakeFiles/CMakeTmp'
Building CXX object CMakeFiles/cmTC_8ca44.dir/CheckSymbolExists.cxx.o
/usr/bin/c++   -I/usr/include/qt4   -o CMakeFiles/cmTC_8ca44.dir/CheckSymbolExists.cxx.o -c /home/administrator/catkin_ws/build/CMakeFiles/CMakeTmp/CheckSymbolExists.cxx
/home/administrator/catkin_ws/build/CMakeFiles/CMakeTmp/CheckSymbolExists.cxx: In function ‘int main(int, char**)’:
/home/administrator/catkin_ws/build/CMakeFiles/CMakeTmp/CheckSymbolExists.cxx:8:19: error: ‘Q_WS_WIN’ was not declared in this scope
   return ((int*)(&Q_WS_WIN))[argc];
                   ^
make[1]: *** [CMakeFiles/cmTC_8ca44.dir/CheckSymbolExists.cxx.o] Error 1
make[1]: Leaving directory `/home/administrator/catkin_ws/build/CMakeFiles/CMakeTmp'
make: *** [cmTC_8ca44/fast] Error 2

File /home/administrator/catkin_ws/build/CMakeFiles/CMakeTmp/CheckSymbolExists.cxx:
/* */
#include <QtCore/qglobal.h>

int main(int argc, char** argv)
{
  (void)argv;
#ifndef Q_WS_WIN
  return ((int*)(&Q_WS_WIN))[argc];
#else
  (void)argc;
  return 0;
#endif
}

Determining if the Q_WS_QWS exist failed with the following output:
Change Dir: /home/administrator/catkin_ws/build/CMakeFiles/CMakeTmp

Run Build Command:"/usr/bin/make" "cmTC_f8d7a/fast"
/usr/bin/make -f CMakeFiles/cmTC_f8d7a.dir/build.make CMakeFiles/cmTC_f8d7a.dir/build
make[1]: Entering directory `/home/administrator/catkin_ws/build/CMakeFiles/CMakeTmp'
Building CXX object CMakeFiles/cmTC_f8d7a.dir/CheckSymbolExists.cxx.o
/usr/bin/c++   -I/usr/include/qt4   -o CMakeFiles/cmTC_f8d7a.dir/CheckSymbolExists.cxx.o -c /home/administrator/catkin_ws/build/CMakeFiles/CMakeTmp/CheckSymbolExists.cxx
/home/administrator/catkin_ws/build/CMakeFiles/CMakeTmp/CheckSymbolExists.cxx: In function ‘int main(int, char**)’:
/home/administrator/catkin_ws/build/CMakeFiles/CMakeTmp/CheckSymbolExists.cxx:8:19: error: ‘Q_WS_QWS’ was not declared in this scope
   return ((int*)(&Q_WS_QWS))[argc];
                   ^
make[1]: *** [CMakeFiles/cmTC_f8d7a.dir/CheckSymbolExists.cxx.o] Error 1
make[1]: Leaving directory `/home/administrator/catkin_ws/build/CMakeFiles/CMakeTmp'
make: *** [cmTC_f8d7a/fast] Error 2

File /home/administrator/catkin_ws/build/CMakeFiles/CMakeTmp/CheckSymbolExists.cxx:
/* */
#include <QtCore/qglobal.h>

int main(int argc, char** argv)
{
  (void)argv;
#ifndef Q_WS_QWS
  return ((int*)(&Q_WS_QWS))[argc];
#else
  (void)argc;
  return 0;
#endif
}

Determining if the Q_WS_MAC exist failed with the following output:
Change Dir: /home/administrator/catkin_ws/build/CMakeFiles/CMakeTmp

Run Build Command:"/usr/bin/make" "cmTC_d6fb3/fast"
/usr/bin/make -f CMakeFiles/cmTC_d6fb3.dir/build.make CMakeFiles/cmTC_d6fb3.dir/build
make[1]: Entering directory `/home/administrator/catkin_ws/build/CMakeFiles/CMakeTmp'
Building CXX object CMakeFiles/cmTC_d6fb3.dir/CheckSymbolExists.cxx.o
/usr/bin/c++   -I/usr/include/qt4   -o CMakeFiles/cmTC_d6fb3.dir/CheckSymbolExists.cxx.o -c /home/administrator/catkin_ws/build/CMakeFiles/CMakeTmp/CheckSymbolExists.cxx
/home/administrator/catkin_ws/build/CMakeFiles/CMakeTmp/CheckSymbolExists.cxx: In function ‘int main(int, char**)’:
/home/administrator/catkin_ws/build/CMakeFiles/CMakeTmp/CheckSymbolExists.cxx:8:19: error: ‘Q_WS_MAC’ was not declared in this scope
   return ((int*)(&Q_WS_MAC))[argc];
                   ^
make[1]: *** [CMakeFiles/cmTC_d6fb3.dir/CheckSymbolExists.cxx.o] Error 1
make[1]: Leaving directory `/home/administrator/catkin_ws/build/CMakeFiles/CMakeTmp'
make: *** [cmTC_d6fb3/fast] Error 2

File /home/administrator/catkin_ws/build/CMakeFiles/CMakeTmp/CheckSymbolExists.cxx:
/* */
#include <QtCore/qglobal.h>

int main(int argc, char** argv)
{
  (void)argv;
#ifndef Q_WS_MAC
  return ((int*)(&Q_WS_MAC))[argc];
#else
  (void)argc;
  return 0;
#endif
}

